main trait ID: MS
index SNP ID: rs35967351
secondary trait ID: LCL
secondary trait subID: CD244_ENSG00000122223.8
main trait summary stat file: examples/MS/MS.1.160697074.160933065.txt
secondary trait summary stat file: examples/LCL/locus.1.160697074.160933065/LCL.CD244_ENSG00000122223.8.assoc.linear.gz
reference LD file: examples/ld0//locus.1.160697074.160933065.txt.gz
secondary trait LD file: examples/LCL/locus.1.160697074.160933065/LCL.ped.gz
secondary trait permutation file: examples/LCL/locus.1.160697074.160933065/LCL.CD244_ENSG00000122223.8.mperm.dump.all.gz
start (BP): 160698276
end (BP): 160811804
r2 resolution: 0.8
Loading reference LD:: examples/ld0//locus.1.160697074.160933065.txt.gz
Loading permutation data: examples/LCL/locus.1.160697074.160933065/LCL.CD244_ENSG00000122223.8.mperm.dump.all.gz
Derive LD for secondary trait from plink ped...
mean gt0: -1.68511927658169e-16
 mean gt0: 1.94058148846772e-16
sd gt0: 0.945554077102809
 sd gt0: 1.08094624875667
Use Ref LD for main trait...
: 
Passoc-Threshold: 0.1
Markers: 117
* 0.12741998433967 0.0598547903067493 0.993802356603968 -33.29317298 Farthest: 0.786923255116697 
* 0.0989722067287064 0.0464916136243679 0.993811849650805 -33.29317298 Farthest: 0.786923255116697 
* 1 0.469744134854005 1.00000000000001 -33.29317298 Farthest: 0.786923255116697 
* 0.063110030893161 0.0296455668625174 0.944988573266489 -33.25797738 Farthest: 0.750734093281942 
* 0.0974831619622124 0.0457921435787723 0.944988573266489 -33.25797738 Farthest: 0.750734093281942 
* 0.0689110033559043 0.0323705396533407 0.939118976554204 -33.25797738 Farthest: 0.750734093281942 
* 0.0359139285959091 0.0168703573174938 0.892072553029897 -33.191588855 Farthest: 0.769717800360836 
* 0.0452288420842678 0.0212459832953228 0.885916831540854 -33.10764288 Farthest: 0.777562062091797 
* 0.0342483989456486 0.0160879845328585 0.828071057391946 -33.189992895 Farthest: 0.716716874712658 
* 0.0772322311804143 0.0362793876186882 0.846322795125365 -33.14483178 Farthest: 0.711142740256117 
--GAP: -33.2718765361752
main trait ID: MS
index SNP ID: rs35967351
secondary trait ID: LCL
secondary trait subID: CD48_ENSG00000117091.5
main trait summary stat file: examples/MS/MS.1.160697074.160933065.txt
secondary trait summary stat file: examples/LCL/locus.1.160697074.160933065/LCL.CD48_ENSG00000117091.5.assoc.linear.gz
reference LD file: examples/ld0//locus.1.160697074.160933065.txt.gz
secondary trait LD file: examples/LCL/locus.1.160697074.160933065/LCL.ped.gz
secondary trait permutation file: examples/LCL/locus.1.160697074.160933065/LCL.CD48_ENSG00000117091.5.mperm.dump.all.gz
start (BP): 160698276
end (BP): 160811804
r2 resolution: 0.8
Loading reference LD:: examples/ld0//locus.1.160697074.160933065.txt.gz
Loading permutation data: examples/LCL/locus.1.160697074.160933065/LCL.CD48_ENSG00000117091.5.mperm.dump.all.gz
Derive LD for secondary trait from plink ped...
mean gt0: -2.14016828839261e-16
 mean gt0: 1.52331575236558e-16
sd gt0: 0.95102005708857
 sd gt0: 1.07566269503947
Use Ref LD for main trait...
: 
Passoc-Threshold: 0.1
Markers: 107
* 0.12741998433967 0.059854871825478 0.993802356603968 -2.486016 Farthest: 0.674616699240431 
* 0.0989722067287064 0.0464916769432304 0.993811849650805 -2.431536 Farthest: 0.787822336002146 
* 1 0.469744774618082 1.00000000000001 -2.486016 Farthest: 0.781470526782349 
* 0.063110030893161 0.0296456072380481 0.944988573266489 -2.31945 Farthest: 0.474177631578942 
* 0.0974831619622124 0.0457922059449975 0.944988573266489 -2.26497 Farthest: 0.579689439849691 
* 0.0689110033559043 0.0323705837401252 0.939118976554204 -2.31945 Farthest: 0.542884001847303 
* 0.0359139285959091 0.0168703802939352 0.892072553029897 -3.0399975 Farthest: 0.786209990950835 
* 0.0452288420842678 0.0212460122311112 0.885916831540854 -2.971056 Farthest: 0.694124779419646 
* 0.0342483989456486 0.0160880064437539 0.828071057391946 -3.0576 Farthest: 0.792006216347129 
* 0.0772322311804143 0.0362794370290953 0.846322795125365 -2.8002975 Farthest: 0.389461432210613 
--GAP: -2.50830961379759
main trait ID: MS
index SNP ID: rs35967351
secondary trait ID: LCL
secondary trait subID: SLAMF7_ENSG00000026751.11
main trait summary stat file: examples/MS/MS.1.160697074.160933065.txt
secondary trait summary stat file: examples/LCL/locus.1.160697074.160933065/LCL.SLAMF7_ENSG00000026751.11.assoc.linear.gz
reference LD file: examples/ld0//locus.1.160697074.160933065.txt.gz
secondary trait LD file: examples/LCL/locus.1.160697074.160933065/LCL.ped.gz
secondary trait permutation file: examples/LCL/locus.1.160697074.160933065/LCL.SLAMF7_ENSG00000026751.11.mperm.dump.all.gz
start (BP): 160698276
end (BP): 160811804
r2 resolution: 0.8
Loading reference LD:: examples/ld0//locus.1.160697074.160933065.txt.gz
Loading permutation data: examples/LCL/locus.1.160697074.160933065/LCL.SLAMF7_ENSG00000026751.11.mperm.dump.all.gz
Derive LD for secondary trait from plink ped...
mean gt0: -1.68511927658169e-16
 mean gt0: 1.94058148846772e-16
sd gt0: 0.945554077102809
 sd gt0: 1.08094624875667
Use Ref LD for main trait...
: 
Passoc-Threshold: 0.1
Markers: 106
* 0.12741998433967 0.0598549272508432 0.993802356603968 4.0395045 Farthest: 0.786923255116697 
* 0.0989722067287064 0.0464917199943321 0.993811849650805 4.0395045 Farthest: 0.786923255116697 
* 1 0.469745209599812 1.00000000000001 4.0395045 Farthest: 0.786923255116697 
* 0.063110030893161 0.0296456346897585 0.944988573266489 4.1400165 Farthest: 0.750734093281942 
* 0.0974831619622124 0.0457922483483919 0.944988573266489 4.1400165 Farthest: 0.750734093281942 
* 0.0689110033559043 0.0323706137151526 0.939118976554204 4.1400165 Farthest: 0.750734093281942 
* 0.0359139285959091 0.016870395915838 0.892072553029897 1.47361 Farthest: 0.769717800360836 
* 0.0452288420842678 0.0212460319048312 0.885916831540854 1.3973125 Farthest: 0.777562062091797 
* 0.0342483989456486 0.0160880213411817 0.828071057391946 -0.75456 Farthest: 0.716716874712658 
* 0.0772322311804143 0.0362794706237048 0.846322795125365 2.4766935 Farthest: 0.711142740256117 
--GAP: 3.75229222129719
main trait ID: MS
index SNP ID: rs10783847
secondary trait ID: LCL
secondary trait subID: INHBC_ENSG00000175189.2
main trait summary stat file: examples/MS/MS.12.57626582.58488667.txt
secondary trait summary stat file: examples/LCL/locus.12.57626582.58488667/LCL.INHBC_ENSG00000175189.2.assoc.linear.gz
reference LD file: examples/ld0//locus.12.57626582.58488667.txt.gz
secondary trait LD file: examples/LCL/locus.12.57626582.58488667/LCL.ped.gz
secondary trait permutation file: examples/LCL/locus.12.57626582.58488667/LCL.INHBC_ENSG00000175189.2.mperm.dump.all.gz
start (BP): 58096447
end (BP): 58296447
r2 resolution: 0.8
Loading reference LD:: examples/ld0//locus.12.57626582.58488667.txt.gz
Loading permutation data: examples/LCL/locus.12.57626582.58488667/LCL.INHBC_ENSG00000175189.2.mperm.dump.all.gz
Derive LD for secondary trait from plink ped...
mean gt0: -2.67531176069394e-16
 mean gt0: 1.5688327435709e-16
sd gt0: 0.945216033458323
 sd gt0: 1.04945907001249
Use Ref LD for main trait...
: 
Passoc-Threshold: 0.1
Markers: 107
* 1.98327256047457e-05 1.61706567531631e-06 0.847872261396809 -3.529996875 Farthest: 0.769024405889319 
* 0.0098123820513929 0.000800054744094302 0.932622827623606 -3.45282112 Farthest: 0.725896585505396 
* 0.0137444696014577 0.00112065837348284 0.944616383794434 -3.40744 Farthest: 0.740743114942043 
* 0.01457293682492 0.00118820763206104 0.944616383794434 -3.40744 Farthest: 0.740743114942043 
* 0.375966789779106 0.0306545354847838 1.00000000000001 -3.61607488 Farthest: 0.739131728874237 
* 0.175532471995604 0.0143120789862384 0.993762180598197 -3.61607488 Farthest: 0.739131728874237 
* 0.000166466099882408 1.35728503277031e-05 0.993761972666785 -3.61607488 Farthest: 0.739131728874237 
* 0.847098636035925 0.0690683749294239 0.993770821460763 -3.737165395 Farthest: 0.733011318117953 
* 0.386294575034896 0.0314966137433152 0.993762180598197 -3.61607488 Farthest: 0.739131728874237 
* 0.734097577780023 0.0598548086137424 1.00000000000001 -3.61607488 Farthest: 0.739131728874237 
* 0.318433819818687 0.0259635720349725 0.993762180598197 -3.61607488 Farthest: 0.739131728874237 
* 0.376241070631744 0.0306768990348593 0.98748140803174 -3.61607488 Farthest: 0.739131728874237 
* 0.650597246543838 0.0530465906102993 1.00000000000001 -3.63938022 Farthest: 0.718091857903466 
* 0.0592514206983352 0.0048310777113801 1.00000000000001 -3.61607488 Farthest: 0.739131728874237 
* 0.453822381784235 0.0370025084246604 0.993762180598197 -3.61607488 Farthest: 0.739131728874237 
* 0.538336966055296 0.0438934237739687 1.00000000000001 -3.61607488 Farthest: 0.739131728874237 
* 0.759214667082559 0.0619027360536938 1.00000000000001 -3.61607488 Farthest: 0.739131728874237 
* 0.982281718240952 0.0800905574813221 0.993761972666785 -3.61607488 Farthest: 0.739131728874237 
* 0.407204641776017 0.0332015206668269 0.993762180598197 -3.61607488 Farthest: 0.739131728874237 
* 0.608797188490495 0.0496384136178179 0.993762180598197 -3.61607488 Farthest: 0.739131728874237 
* 0.49018114631618 0.0399670283445775 0.993762180598197 -3.61607488 Farthest: 0.739131728874237 
* 6.15737787430305e-06 5.02043168897826e-07 1.00000000000001 -3.61607488 Farthest: 0.739131728874237 
* 1 0.0815352215093104 1.00000000000001 -3.61607488 Farthest: 0.739131728874237 
* 0.573678975857813 0.0467750423718012 1.00000000000001 -3.61607488 Farthest: 0.739131728874237 
* 0.301952221009039 0.0246197412252002 0.993762180598197 -3.61607488 Farthest: 0.739131728874237 
* 0.508296078804291 0.0414440333776218 0.993762180598197 -3.61607488 Farthest: 0.739131728874237 
* 0.0248891010156662 0.00202933836447995 0.860198759279727 -3.63344832 Farthest: 0.749111163891669 
* 0.859487278467422 0.0700784856342757 0.98748140803174 -3.640815955 Farthest: 0.730626677475057 
* 0.793671099770985 0.0647121489253653 0.98748140803174 -3.63649792 Farthest: 0.715870437137625 
--GAP: -3.6281538792694
main trait ID: MS
index SNP ID: rs10783847
secondary trait ID: LCL
secondary trait subID: TAC3_ENSG00000166863.7
main trait summary stat file: examples/MS/MS.12.57626582.58488667.txt
secondary trait summary stat file: examples/LCL/locus.12.57626582.58488667/LCL.TAC3_ENSG00000166863.7.assoc.linear.gz
reference LD file: examples/ld0//locus.12.57626582.58488667.txt.gz
secondary trait LD file: examples/LCL/locus.12.57626582.58488667/LCL.ped.gz
secondary trait permutation file: examples/LCL/locus.12.57626582.58488667/LCL.TAC3_ENSG00000166863.7.mperm.dump.all.gz
start (BP): 58096447
end (BP): 58296447
r2 resolution: 0.8
Loading reference LD:: examples/ld0//locus.12.57626582.58488667.txt.gz
Loading permutation data: examples/LCL/locus.12.57626582.58488667/LCL.TAC3_ENSG00000166863.7.mperm.dump.all.gz
Derive LD for secondary trait from plink ped...
mean gt0: -2.67531176069394e-16
 mean gt0: 1.5688327435709e-16
sd gt0: 0.945216033458323
 sd gt0: 1.04945907001249
Use Ref LD for main trait...
: 
Passoc-Threshold: 0.1
Markers: 103
* 1.98327256047457e-05 1.61706567531631e-06 0.847872261396809 -3.37656 Farthest: 0.769024405889319 
* 0.0098123820513929 0.000800054744094303 0.932622827623606 -3.245662055 Farthest: 0.725896585505396 
* 0.0137444696014577 0.00112065837348284 0.944616383794434 -3.259059375 Farthest: 0.740743114942043 
* 0.01457293682492 0.00118820763206104 0.944616383794434 -3.259059375 Farthest: 0.740743114942043 
* 0.375966789779106 0.0306545354847838 1.00000000000001 -3.306524375 Farthest: 0.739131728874237 
* 0.175532471995604 0.0143120789862384 0.993762180598197 -3.306524375 Farthest: 0.739131728874237 
* 0.000166466099882408 1.35728503277031e-05 0.993761972666785 -3.306524375 Farthest: 0.739131728874237 
* 0.847098636035925 0.069068374929424 0.993770821460763 -3.294046055 Farthest: 0.733011318117953 
* 0.386294575034896 0.0314966137433152 0.993762180598197 -3.306524375 Farthest: 0.739131728874237 
* 0.734097577780023 0.0598548086137425 1.00000000000001 -3.306524375 Farthest: 0.739131728874237 
* 0.318433819818687 0.0259635720349725 0.993762180598197 -3.306524375 Farthest: 0.739131728874237 
* 0.376241070631744 0.0306768990348594 0.98748140803174 -3.306524375 Farthest: 0.739131728874237 
* 0.650597246543838 0.0530465906102993 1.00000000000001 -3.306975455 Farthest: 0.718091857903466 
* 0.0592514206983352 0.0048310777113801 1.00000000000001 -3.306524375 Farthest: 0.739131728874237 
* 0.453822381784235 0.0370025084246605 0.993762180598197 -3.306524375 Farthest: 0.739131728874237 
* 0.538336966055296 0.0438934237739688 1.00000000000001 -3.306524375 Farthest: 0.739131728874237 
* 0.759214667082559 0.0619027360536939 1.00000000000001 -3.306524375 Farthest: 0.739131728874237 
* 0.982281718240952 0.0800905574813222 0.993761972666785 -3.306524375 Farthest: 0.739131728874237 
* 0.407204641776017 0.033201520666827 0.993762180598197 -3.306524375 Farthest: 0.739131728874237 
* 0.608797188490495 0.049638413617818 0.993762180598197 -3.306524375 Farthest: 0.739131728874237 
* 0.49018114631618 0.0399670283445775 0.993762180598197 -3.306524375 Farthest: 0.739131728874237 
* 6.15737787430305e-06 5.02043168897827e-07 1.00000000000001 -3.306524375 Farthest: 0.739131728874237 
* 1 0.0815352215093105 1.00000000000001 -3.306524375 Farthest: 0.739131728874237 
* 0.573678975857813 0.0467750423718012 1.00000000000001 -3.306524375 Farthest: 0.739131728874237 
* 0.301952221009039 0.0246197412252003 0.993762180598197 -3.306524375 Farthest: 0.739131728874237 
* 0.508296078804291 0.0414440333776218 0.993762180598197 -3.306524375 Farthest: 0.739131728874237 
* 0.0248891010156662 0.00202933836447995 0.860198759279727 -3.177751695 Farthest: 0.749111163891669 
* 0.859487278467422 0.0700784856342757 0.98748140803174 -3.3104225 Farthest: 0.730626677475057 
* 0.793671099770985 0.0647121489253654 0.98748140803174 -3.32664752 Farthest: 0.715870437137625 
--GAP: -3.30684236466586
